#! /Users/riccardolionetto/Documents/EPFL/EmbeddedSP/oss-cad-suite/bin/vvp
:ivl_version "13.0 (devel)" "(s20221226-498-g52d049b51)";
:ivl_delay_selection "TYPICAL";
:vpi_time_precision + 0;
:vpi_module "/Users/riccardolionetto/Documents/EPFL/EmbeddedSP/oss-cad-suite/lib/ivl/system.vpi";
:vpi_module "/Users/riccardolionetto/Documents/EPFL/EmbeddedSP/oss-cad-suite/lib/ivl/vhdl_sys.vpi";
:vpi_module "/Users/riccardolionetto/Documents/EPFL/EmbeddedSP/oss-cad-suite/lib/ivl/vhdl_textio.vpi";
:vpi_module "/Users/riccardolionetto/Documents/EPFL/EmbeddedSP/oss-cad-suite/lib/ivl/v2005_math.vpi";
:vpi_module "/Users/riccardolionetto/Documents/EPFL/EmbeddedSP/oss-cad-suite/lib/ivl/va_math.vpi";
S_0x7fb341904080 .scope module, "fifo" "fifo" 2 1;
 .timescale 0 0;
    .port_info 0 /INPUT 1 "clock";
    .port_info 1 /INPUT 1 "reset";
    .port_info 2 /INPUT 1 "push";
    .port_info 3 /INPUT 1 "pop";
    .port_info 4 /INPUT 32 "pushData";
    .port_info 5 /OUTPUT 1 "full";
    .port_info 6 /OUTPUT 1 "empty";
    .port_info 7 /OUTPUT 32 "popData";
P_0x600000f8c000 .param/l "bitWidth" 0 2 2, +C4<00000000000000000000000000100000>;
P_0x600000f8c040 .param/l "nrOfBits" 1 2 14, +C4<00000000000000000000000000000100>;
P_0x600000f8c080 .param/l "nrOfEntries" 0 2 1, +C4<00000000000000000000000000010000>;
L_0x60000118c000 .functor BUFZ 32, L_0x600000b8c000, C4<00000000000000000000000000000000>, C4<00000000000000000000000000000000>, C4<00000000000000000000000000000000>;
v0x60000088c000_0 .net *"_ivl_0", 31 0, L_0x600000b8c000;  1 drivers
v0x60000088c090_0 .net *"_ivl_12", 31 0, L_0x600000b8c1e0;  1 drivers
L_0x7fb341863098 .functor BUFT 1, C4<0000000000000000000000000000>, C4<0>, C4<0>, C4<0>;
v0x60000088c120_0 .net *"_ivl_15", 27 0, L_0x7fb341863098;  1 drivers
v0x60000088c1b0_0 .net *"_ivl_16", 31 0, L_0x600000b8c280;  1 drivers
L_0x7fb3418630e0 .functor BUFT 1, C4<0000000000000000000000000000>, C4<0>, C4<0>, C4<0>;
v0x60000088c240_0 .net *"_ivl_19", 27 0, L_0x7fb3418630e0;  1 drivers
v0x60000088c2d0_0 .net *"_ivl_2", 31 0, L_0x600000b8c0a0;  1 drivers
L_0x7fb341863128 .functor BUFT 1, C4<00000000000000000000000000000001>, C4<0>, C4<0>, C4<0>;
v0x60000088c360_0 .net/2u *"_ivl_20", 31 0, L_0x7fb341863128;  1 drivers
v0x60000088c3f0_0 .net *"_ivl_22", 31 0, L_0x600000b8c320;  1 drivers
L_0x7fb341863008 .functor BUFT 1, C4<0000000000000000000000000000>, C4<0>, C4<0>, C4<0>;
v0x60000088c480_0 .net *"_ivl_5", 27 0, L_0x7fb341863008;  1 drivers
L_0x7fb341863050 .functor BUFT 1, C4<00000000000000000000000000000001>, C4<0>, C4<0>, C4<0>;
v0x60000088c510_0 .net/2u *"_ivl_6", 31 0, L_0x7fb341863050;  1 drivers
v0x60000088c5a0_0 .net *"_ivl_8", 31 0, L_0x600000b8c140;  1 drivers
o0x7fb341832218 .functor BUFZ 1, c4<z>; HiZ drive
v0x60000088c630_0 .net "clock", 0 0, o0x7fb341832218;  0 drivers
v0x60000088c6c0_0 .net "empty", 0 0, L_0x600000b8c460;  1 drivers
v0x60000088c750_0 .net "full", 0 0, L_0x600000b8c3c0;  1 drivers
v0x60000088c7e0 .array "memoryContent", 0 15, 31 0;
o0x7fb3418322a8 .functor BUFZ 1, c4<z>; HiZ drive
v0x60000088c870_0 .net "pop", 0 0, o0x7fb3418322a8;  0 drivers
v0x60000088c900_0 .var "popCounter", 3 0;
v0x60000088c990_0 .net "popData", 31 0, L_0x60000118c000;  1 drivers
o0x7fb341832338 .functor BUFZ 1, c4<z>; HiZ drive
v0x60000088ca20_0 .net "push", 0 0, o0x7fb341832338;  0 drivers
v0x60000088cab0_0 .var "pushCounter", 3 0;
o0x7fb341832398 .functor BUFZ 32, c4<zzzzzzzzzzzzzzzzzzzzzzzzzzzzzzzz>; HiZ drive
v0x60000088cb40_0 .net "pushData", 31 0, o0x7fb341832398;  0 drivers
o0x7fb3418323c8 .functor BUFZ 1, c4<z>; HiZ drive
v0x60000088cbd0_0 .net "reset", 0 0, o0x7fb3418323c8;  0 drivers
E_0x600002f8c100 .event posedge, v0x60000088c630_0;
L_0x600000b8c000 .array/port v0x60000088c7e0, L_0x600000b8c140;
L_0x600000b8c0a0 .concat [ 4 28 0 0], v0x60000088c900_0, L_0x7fb341863008;
L_0x600000b8c140 .arith/sub 32, L_0x600000b8c0a0, L_0x7fb341863050;
L_0x600000b8c1e0 .concat [ 4 28 0 0], v0x60000088cab0_0, L_0x7fb341863098;
L_0x600000b8c280 .concat [ 4 28 0 0], v0x60000088c900_0, L_0x7fb3418630e0;
L_0x600000b8c320 .arith/sub 32, L_0x600000b8c280, L_0x7fb341863128;
L_0x600000b8c3c0 .cmp/eq 32, L_0x600000b8c1e0, L_0x600000b8c320;
L_0x600000b8c460 .cmp/eq 4, v0x60000088cab0_0, v0x60000088c900_0;
    .scope S_0x7fb341904080;
T_0 ;
    %wait E_0x600002f8c100;
    %load/vec4 v0x60000088ca20_0;
    %cmpi/e 1, 0, 1;
    %jmp/0xz  T_0.0, 4;
    %load/vec4 v0x60000088cb40_0;
    %load/vec4 v0x60000088cab0_0;
    %pad/u 6;
    %ix/vec4 4;
    %store/vec4a v0x60000088c7e0, 4, 0;
    %load/vec4 v0x60000088cab0_0;
    %addi 1, 0, 4;
    %store/vec4 v0x60000088cab0_0, 0, 4;
T_0.0 ;
    %load/vec4 v0x60000088c870_0;
    %cmpi/e 1, 0, 1;
    %flag_get/vec4 4;
    %jmp/0 T_0.4, 4;
    %load/vec4 v0x60000088c900_0;
    %load/vec4 v0x60000088cab0_0;
    %cmp/u;
    %flag_get/vec4 5;
    %and;
T_0.4;
    %flag_set/vec4 8;
    %jmp/0xz  T_0.2, 8;
    %load/vec4 v0x60000088c900_0;
    %addi 1, 0, 4;
    %store/vec4 v0x60000088c900_0, 0, 4;
T_0.2 ;
    %load/vec4 v0x60000088cbd0_0;
    %cmpi/e 1, 0, 1;
    %jmp/0xz  T_0.5, 4;
    %pushi/vec4 0, 0, 4;
    %store/vec4 v0x60000088cab0_0, 0, 4;
    %pushi/vec4 0, 0, 4;
    %store/vec4 v0x60000088c900_0, 0, 4;
T_0.5 ;
    %jmp T_0;
    .thread T_0;
# The file index is used to find the file name in the following table.
:file_names 3;
    "N/A";
    "<interactive>";
    "fifo.v";
